<?xml version="1.0" encoding="UTF-8"?>
<testng-results skipped="0" failed="0" ignored="0" total="1" passed="1">
  <reporter-output>
  </reporter-output>
  <suite name="Default suite" duration-ms="154621" started-at="2022-12-14T12:56:17 IST" finished-at="2022-12-14T12:58:51 IST">
    <groups>
    </groups>
    <test name="Default test" duration-ms="154621" started-at="2022-12-14T12:56:17 IST" finished-at="2022-12-14T12:58:51 IST">
      <class name="banjararidecasestudycapabilities.test">
        <test-method status="PASS" signature="reportSetup()[pri:0, instance:banjararidecasestudycapabilities.test@2f0a87b3]" name="reportSetup" is-config="true" duration-ms="159" started-at="2022-12-14T12:56:17 IST" finished-at="2022-12-14T12:56:17 IST">
          <reporter-output>
          </reporter-output>
        </test-method> <!-- reportSetup -->
        <test-method status="PASS" signature="BT()[pri:0, instance:banjararidecasestudycapabilities.test@2f0a87b3]" name="BT" is-config="true" duration-ms="22993" started-at="2022-12-14T12:56:17 IST" finished-at="2022-12-14T12:56:40 IST">
          <reporter-output>
          </reporter-output>
        </test-method> <!-- BT -->
        <test-method status="PASS" signature="launchbanjararide()[pri:0, instance:banjararidecasestudycapabilities.test@2f0a87b3]" name="launchbanjararide" duration-ms="131569" started-at="2022-12-14T12:56:40 IST" finished-at="2022-12-14T12:58:51 IST">
          <reporter-output>
          </reporter-output>
        </test-method> <!-- launchbanjararide -->
        <test-method status="PASS" signature="reportTeardown()[pri:0, instance:banjararidecasestudycapabilities.test@2f0a87b3]" name="reportTeardown" is-config="true" duration-ms="586" started-at="2022-12-14T12:58:51 IST" finished-at="2022-12-14T12:58:52 IST">
          <reporter-output>
          </reporter-output>
        </test-method> <!-- reportTeardown -->
      </class> <!-- banjararidecasestudycapabilities.test -->
    </test> <!-- Default test -->
  </suite> <!-- Default suite -->
</testng-results>
